2026-06-19 12:01:03.697: [INFO] VisibilityChanged: 0
2026-06-19 12:01:03.714: [INFO] RecordSyncInitDuration has_sync_been_enabled: 0 state: 0
2026-06-19 12:01:03.716: [INFO] RecordSyncInitDuration has_sync_been_enabled: 0 state: 0
2026-06-19 12:01:03.718: [INFO] RecordSyncInitDuration has_sync_been_enabled: 0 state: 0
2026-06-19 12:01:03.720: [INFO] RecordSyncInitDuration has_sync_been_enabled: 0 state: 0
2026-06-19 12:01:03.722: [INFO] RecordSyncInitDuration has_sync_been_enabled: 0 state: 0
2026-06-19 12:01:03.725: [INFO] RecordSyncInitDuration has_sync_been_enabled: 0 state: 0
2026-06-19 12:01:03.727: [INFO] RecordSyncInitDuration has_sync_been_enabled: 0 state: 0
2026-06-19 12:01:03.729: [INFO] RecordSyncInitDuration has_sync_been_enabled: 0 state: 0
2026-06-19 12:01:03.730: [INFO] RecordSyncInitDuration has_sync_been_enabled: 0 state: 0
2026-06-19 12:01:03.732: [INFO] RecordSyncInitDuration has_sync_been_enabled: 0 state: 0
2026-06-19 12:01:03.733: [INFO] RecordSyncInitDuration has_sync_been_enabled: 0 state: 0
2026-06-19 12:01:03.743: [INFO] BookmarkModelLoaded, ids_reassigned: 0
2026-06-19 12:01:03.743: [INFO] OnDoneLoading sync enabled: 0
2026-06-19 12:01:03.804: [INFO] RecordSyncInitDuration has_sync_been_enabled: 0 state: 0
2026-06-19 12:01:04.841: [INFO] RecordSyncInitDuration has_sync_been_enabled: 0 state: 0
2026-06-19 12:01:04.846: [INFO] RecordSyncInitDuration has_sync_been_enabled: 0 state: 3
2026-06-19 12:01:04.848: [INFO] Primary account changed.
2026-06-19 12:01:04.848: [INFO] OnPrimaryAccountChanged PrimaryAccountChangeEvent::Type::kSet
2026-06-19 12:01:04.853: [INFO] RecordSyncInitDuration has_sync_been_enabled: 0 state: 3
2026-06-19 12:01:04.865: [INFO] RecordSyncInitDuration has_sync_been_enabled: 0 state: 3
2026-06-19 12:01:06.079: [INFO] VisibilityChanged: 1
2026-06-19 12:01:07.222: [INFO] BookmarkNodeAdded, ABU: 0
2026-06-19 12:01:07.223: [INFO] BookmarkNodeAdded, ABU: 0
2026-06-19 12:01:07.224: [INFO] BookmarkNodeAdded, ABU: 0
2026-06-19 12:01:07.224: [INFO] BookmarkNodeAdded, ABU: 0
2026-06-19 12:01:07.225: [INFO] BookmarkNodeAdded, ABU: 0
2026-06-19 12:01:07.225: [INFO] BookmarkNodeAdded, ABU: 0
2026-06-19 12:01:07.226: [INFO] BookmarkNodeAdded, ABU: 0
2026-06-19 12:01:07.226: [INFO] BookmarkNodeAdded, ABU: 0
2026-06-19 12:01:07.227: [INFO] BookmarkNodeAdded, ABU: 0
2026-06-19 12:01:07.227: [INFO] BookmarkNodeAdded, ABU: 0
2026-06-19 12:01:07.228: [INFO] BookmarkNodeAdded, ABU: 0
2026-06-19 12:01:07.228: [INFO] BookmarkNodeAdded, ABU: 0
2026-06-19 12:01:07.229: [INFO] BookmarkNodeAdded, ABU: 0
2026-06-19 12:01:07.229: [INFO] BookmarkNodeAdded, ABU: 0
2026-06-19 12:01:07.230: [INFO] BookmarkNodeAdded, ABU: 0
2026-06-19 12:01:07.230: [INFO] BookmarkNodeAdded, ABU: 0
2026-06-19 12:01:07.231: [INFO] BookmarkNodeAdded, ABU: 0
2026-06-19 12:01:07.231: [INFO] BookmarkNodeAdded, ABU: 0
2026-06-19 12:01:07.232: [INFO] BookmarkNodeAdded, ABU: 0
2026-06-19 12:01:07.232: [INFO] BookmarkNodeAdded, ABU: 0
2026-06-19 12:01:07.233: [INFO] BookmarkNodeAdded, ABU: 0
2026-06-19 12:01:07.233: [INFO] BookmarkNodeAdded, ABU: 0
2026-06-19 12:01:07.233: [INFO] BookmarkNodeAdded, ABU: 0
2026-06-19 12:01:07.234: [INFO] BookmarkNodeAdded, ABU: 0
2026-06-19 12:01:07.234: [INFO] BookmarkNodeAdded, ABU: 0
2026-06-19 12:01:07.235: [INFO] BookmarkNodeAdded, ABU: 0
2026-06-19 12:01:07.235: [INFO] BookmarkNodeAdded, ABU: 0
2026-06-19 12:01:07.236: [INFO] BookmarkNodeAdded, ABU: 0
2026-06-19 12:01:07.236: [INFO] BookmarkNodeAdded, ABU: 0
2026-06-19 12:01:07.237: [INFO] BookmarkNodeAdded, ABU: 0
2026-06-19 12:01:07.237: [INFO] BookmarkNodeAdded, ABU: 0
2026-06-19 12:01:07.237: [INFO] BookmarkNodeAdded, ABU: 0
2026-06-19 12:01:07.238: [INFO] BookmarkNodeAdded, ABU: 0
2026-06-19 12:01:07.238: [INFO] BookmarkNodeAdded, ABU: 0
2026-06-19 12:01:07.239: [INFO] BookmarkNodeAdded, ABU: 0
2026-06-19 12:01:07.240: [INFO] BookmarkNodeAdded, ABU: 0
2026-06-19 12:01:07.240: [INFO] BookmarkNodeAdded, ABU: 0
2026-06-19 12:01:07.240: [INFO] BookmarkNodeAdded, ABU: 0
2026-06-19 12:01:07.240: [INFO] BookmarkNodeAdded, ABU: 0
2026-06-19 12:01:08.063: [INFO] Sync initialization duration: 3120ms
