{"logTime": "0619/120105", "correlationVector":"m62z8QlcpPKSAM4cazbdSi.1","action":"SyncServerConnectionManagerRequest", "result":"SYNC_SERVER_OK", "context":{"environment":"Prod_japaneast_prod-s01-061-apac-japaneast", "migrationStage":"NotStarted", "server":"akswtt11400002f"}}
{"logTime": "0619/120105", "correlationVector":"m62z8QlcpPKSAM4cazbdSi.2","action":"ProcessGetUpdates", "result":"Done", "context":{"dataType":"Encryption Keys", "deleted":"0", "process_failed_to_decrypt":"0", "process_pending_decryption":"0", "process_success":"1", "total":"1"}}
{"logTime": "0619/120105", "correlationVector":"ezmglhODl+TEp5CNdd3+xx","action":"SyncServerConnectionManagerRequest", "result":"SYNC_SERVER_ERROR", "context":{"environment":"", "error_type":"http_status_code", "error_value":"400", "migrationStage":"", "server":""}}
{"logTime": "0619/120105", "correlationVector":"m62z8QlcpPKSAM4cazbdSi","action":"Initial GetUpdates", "result":"", "context":Reason: NEW_CLIENT. cV=m62z8QlcpPKSAM4cazbdSi}
{"logTime": "0619/120105", "correlationVector":"m62z8QlcpPKSAM4cazbdSi.3","action":"GetUpdates Response", "result":"Success", "context":Received 1 update(s). cV=m62z8QlcpPKSAM4cazbdSi.0;server=akswtt11400002f;cloudType=Consumer;environment=Prod_japaneast_prod-s01-061-apac-japaneast;migrationStage=NotStarted}
{"logTime": "0619/120105", "correlationVector":"VHKAa+TNNsKEKha4ZQNj82","action":"Initial GetUpdates", "result":"", "context":Reason: NEW_CLIENT. cV=VHKAa+TNNsKEKha4ZQNj82}
{"logTime": "0619/120106", "correlationVector":"VHKAa+TNNsKEKha4ZQNj82.1","action":"SyncServerConnectionManagerRequest", "result":"SYNC_SERVER_OK", "context":{"environment":"Prod_japaneast_prod-s01-061-apac-japaneast", "migrationStage":"NotStarted", "server":"akswtt11400003m"}}
{"logTime": "0619/120106", "correlationVector":"VHKAa+TNNsKEKha4ZQNj82.2","action":"ProcessGetUpdates", "result":"Done", "context":{"dataType":"Preferences", "deleted":"0", "process_failed_to_decrypt":"0", "process_pending_decryption":"0", "process_success":"85", "total":"85"}}
{"logTime": "0619/120106", "correlationVector":"VHKAa+TNNsKEKha4ZQNj82.3","action":"ProcessGetUpdates", "result":"Done", "context":{"dataType":"Device Info", "deleted":"0", "process_failed_to_decrypt":"0", "process_pending_decryption":"0", "process_success":"16", "total":"16"}}
{"logTime": "0619/120106", "correlationVector":"VHKAa+TNNsKEKha4ZQNj82.4","action":"GetUpdates Response", "result":"Success", "context":Received 101 update(s). cV=VHKAa+TNNsKEKha4ZQNj82.0;server=akswtt11400003m;cloudType=Consumer;environment=Prod_japaneast_prod-s01-061-apac-japaneast;migrationStage=NotStarted}
{"logTime": "0619/120106", "correlationVector":"65OsJdQIkZUZP8r9/dWpbG","action":"SyncServerConnectionManagerRequest", "result":"SYNC_SERVER_ERROR", "context":{"environment":"", "error_type":"http_status_code", "error_value":"400", "migrationStage":"", "server":""}}
{"logTime": "0619/120106", "correlationVector":"exPrYF95eUH7QqWMIIjxtW","action":"Initial GetUpdates", "result":"", "context":Reason: NEW_CLIENT. cV=exPrYF95eUH7QqWMIIjxtW}
{"logTime": "0619/120107", "correlationVector":"exPrYF95eUH7QqWMIIjxtW.1","action":"SyncServerConnectionManagerRequest", "result":"SYNC_SERVER_OK", "context":{"environment":"Prod_japaneast_prod-s01-061-apac-japaneast", "migrationStage":"NotStarted", "server":"akswtt114000037"}}
{"logTime": "0619/120107", "correlationVector":"exPrYF95eUH7QqWMIIjxtW.2","action":"ProcessGetUpdates", "result":"Done", "context":{"dataType":"Bookmarks", "deleted":"0", "process_failed_to_decrypt":"0", "process_pending_decryption":"0", "process_success":"45", "total":"45"}}
{"logTime": "0619/120107", "correlationVector":"exPrYF95eUH7QqWMIIjxtW.3","action":"GetUpdates Response", "result":"Success", "context":Received 45 update(s). cV=exPrYF95eUH7QqWMIIjxtW.0;server=akswtt114000037;cloudType=Consumer;environment=Prod_japaneast_prod-s01-061-apac-japaneast;migrationStage=NotStarted}
{"logTime": "0619/120107", "correlationVector":"I59Lgt7Bsdi1AxoyoIX+j4","action":"SyncServerConnectionManagerRequest", "result":"SYNC_SERVER_ERROR", "context":{"environment":"", "error_type":"http_status_code", "error_value":"400", "migrationStage":"", "server":""}}
{"logTime": "0619/120107", "correlationVector":"BkXgNMcLLBrnX6yR6wbP1d","action":"Initial GetUpdates", "result":"", "context":Reason: NEW_CLIENT. cV=BkXgNMcLLBrnX6yR6wbP1d}
{"logTime": "0619/120108", "correlationVector":"BkXgNMcLLBrnX6yR6wbP1d.1","action":"SyncServerConnectionManagerRequest", "result":"SYNC_SERVER_OK", "context":{"environment":"Prod_japaneast_prod-s01-061-apac-japaneast", "migrationStage":"NotStarted", "server":"akswtt11400002w"}}
{"logTime": "0619/120108", "correlationVector":"BkXgNMcLLBrnX6yR6wbP1d.2","action":"ProcessGetUpdates", "result":"Done", "context":{"dataType":"Extensions", "deleted":"0", "process_failed_to_decrypt":"0", "process_pending_decryption":"0", "process_success":"4", "total":"4"}}
{"logTime": "0619/120108", "correlationVector":"BkXgNMcLLBrnX6yR6wbP1d.3","action":"ProcessGetUpdates", "result":"Done", "context":{"dataType":"Sessions", "deleted":"0", "process_failed_to_decrypt":"0", "process_pending_decryption":"0", "process_success":"10", "total":"10"}}
{"logTime": "0619/120108", "correlationVector":"BkXgNMcLLBrnX6yR6wbP1d.4","action":"GetUpdates Response", "result":"Success", "context":Received 14 update(s). cV=BkXgNMcLLBrnX6yR6wbP1d.0;server=akswtt11400002w;cloudType=Consumer;environment=Prod_japaneast_prod-s01-061-apac-japaneast;migrationStage=NotStarted}
{"logTime": "0619/120108", "correlationVector":"DFH4BbcAYhKh0LznxwxZWp","action":"SyncServerConnectionManagerRequest", "result":"SYNC_SERVER_ERROR", "context":{"environment":"", "error_type":"http_status_code", "error_value":"400", "migrationStage":"", "server":""}}
{"logTime": "0619/120108", "correlationVector":"otAzvLGAFHLtMM9cQXyf7I","action":"Initial GetUpdates", "result":"", "context":Reason: NEW_CLIENT. cV=otAzvLGAFHLtMM9cQXyf7I}
{"logTime": "0619/120108", "correlationVector":"otAzvLGAFHLtMM9cQXyf7I.1","action":"SyncServerConnectionManagerRequest", "result":"SYNC_SERVER_OK", "context":{"environment":"Prod_japaneast_prod-s01-061-apac-japaneast", "migrationStage":"NotStarted", "server":"akswtt114000037"}}
{"logTime": "0619/120108", "correlationVector":"otAzvLGAFHLtMM9cQXyf7I.2","action":"ProcessGetUpdates", "result":"Done", "context":{"dataType":"History", "deleted":"0", "process_failed_to_decrypt":"0", "process_pending_decryption":"0", "process_success":"13", "total":"13"}}
{"logTime": "0619/120108", "correlationVector":"otAzvLGAFHLtMM9cQXyf7I.3","action":"GetUpdates Response", "result":"Success", "context":Received 13 update(s). cV=otAzvLGAFHLtMM9cQXyf7I.0;server=akswtt114000037;cloudType=Consumer;environment=Prod_japaneast_prod-s01-061-apac-japaneast;migrationStage=NotStarted}
{"logTime": "0619/120109", "correlationVector":"GPH2bakrnK595OneuBrJf2","action":"SyncServerConnectionManagerRequest", "result":"SYNC_SERVER_ERROR", "context":{"environment":"", "error_type":"http_status_code", "error_value":"400", "migrationStage":"", "server":""}}
{"logTime": "0619/120109", "correlationVector":"Cm5PV0puveoYmIEetopvrn","action":"Normal GetUpdate request", "result":"", "context":cV=Cm5PV0puveoYmIEetopvrn
Nudged types: Sessions, Device Info, User Consents
Refresh requested types: Bookmarks, Preferences, Extensions, Sessions, Extension settings, History Delete Directives, Device Info, User Consents, Send Tab To Self, Web Apps, History, Saved Tab Group, WebAuthn Credentials, Edge E Drop, Edge Hub App Usage, Edge Wallet, Edge Workspace, Encryption Keys}
{"logTime": "0619/120110", "correlationVector":"Cm5PV0puveoYmIEetopvrn.1","action":"SyncServerConnectionManagerRequest", "result":"SYNC_SERVER_OK", "context":{"environment":"Prod_japaneast_prod-s01-061-apac-japaneast", "migrationStage":"NotStarted", "server":"akswtt114000054"}}
{"logTime": "0619/120110", "correlationVector":"Cm5PV0puveoYmIEetopvrn.2","action":"GetUpdates Response", "result":"Success", "context":Received 0 update(s). cV=Cm5PV0puveoYmIEetopvrn.0;server=akswtt114000054;cloudType=Consumer;environment=Prod_japaneast_prod-s01-061-apac-japaneast;migrationStage=NotStarted}
{"logTime": "0619/120110", "correlationVector":"XaTVu6Jdj2wGG7eEAad1Mm","action":"DoCompareDataConsistency requsted types: ", "result":"Bookmarks, Preferences, Extensions, Extension settings, History Delete Directives, Send Tab To Self, Web Apps, History, Saved Tab Group, WebAuthn Credentials, Edge E Drop, Edge Wallet, Edge Workspace, Encryption Keys"}
{"logTime": "0619/120110", "correlationVector":"XaTVu6Jdj2wGG7eEAad1Mm.0","action":"CompareDataConsistency result: ", "result":"Compare result: Encryption Keys is consistent. local entities count is: 1 local entities hash is: 6gRRrg0uzz/y3RgBa1GOhufcj1w="}
{"logTime": "0619/120110", "correlationVector":"XaTVu6Jdj2wGG7eEAad1Mm.1","action":"CompareDataConsistency result: ", "result":"Compare result: Bookmarks is consistent. local entities count is: 39 local entities hash is: ZUaDxfn1sdU7E97Hfsq3U7mGOWQ="}
{"logTime": "0619/120110", "correlationVector":"XaTVu6Jdj2wGG7eEAad1Mm.2","action":"CompareDataConsistency result: ", "result":"Compare result: Preferences is consistent. local entities count is: 85 local entities hash is: qT/724JCItryCxc1DEF6His+GUc="}
{"logTime": "0619/120110", "correlationVector":"XaTVu6Jdj2wGG7eEAad1Mm.3","action":"CompareDataConsistency result: ", "result":"Compare result: Extensions is consistent. local entities count is: 4 local entities hash is: 3loo3tDSRDbmIXZMGXmOLIKUR3g="}
{"logTime": "0619/120110", "correlationVector":"XaTVu6Jdj2wGG7eEAad1Mm.4","action":"CompareDataConsistency result: ", "result":"Compare result: Extension settings is consistent. local entities count is: 0 local entities hash is: "}
{"logTime": "0619/120110", "correlationVector":"XaTVu6Jdj2wGG7eEAad1Mm.5","action":"CompareDataConsistency result: ", "result":"Compare result: History Delete Directives is consistent. local entities count is: 0 local entities hash is: "}
{"logTime": "0619/120110", "correlationVector":"XaTVu6Jdj2wGG7eEAad1Mm.6","action":"CompareDataConsistency result: ", "result":"Server did not send this Send Tab To Self local entities count is: 0 local entities hash is: "}
{"logTime": "0619/120110", "correlationVector":"XaTVu6Jdj2wGG7eEAad1Mm.7","action":"CompareDataConsistency result: ", "result":"Compare result: Web Apps is consistent. local entities count is: 0 local entities hash is: "}
{"logTime": "0619/120110", "correlationVector":"XaTVu6Jdj2wGG7eEAad1Mm.8","action":"CompareDataConsistency result: ", "result":"Server did not send this History local entities count is: 0 local entities hash is: "}
{"logTime": "0619/120110", "correlationVector":"XaTVu6Jdj2wGG7eEAad1Mm.9","action":"CompareDataConsistency result: ", "result":"Compare result: Saved Tab Group is consistent. local entities count is: 0 local entities hash is: "}
{"logTime": "0619/120110", "correlationVector":"XaTVu6Jdj2wGG7eEAad1Mm.10","action":"CompareDataConsistency result: ", "result":"Server did not send this WebAuthn Credentials local entities count is: 0 local entities hash is: "}
{"logTime": "0619/120110", "correlationVector":"XaTVu6Jdj2wGG7eEAad1Mm.11","action":"CompareDataConsistency result: ", "result":"Compare result: Edge E Drop is consistent. local entities count is: 0 local entities hash is: "}
{"logTime": "0619/120110", "correlationVector":"XaTVu6Jdj2wGG7eEAad1Mm.12","action":"CompareDataConsistency result: ", "result":"Compare result: Edge Wallet is consistent. local entities count is: 0 local entities hash is: "}
{"logTime": "0619/120110", "correlationVector":"XaTVu6Jdj2wGG7eEAad1Mm.13","action":"CompareDataConsistency result: ", "result":"Server did not send this Edge Workspace local entities count is: 0 local entities hash is: "}
{"logTime": "0619/120110", "correlationVector":"KUpxhM3tmlYVKnSADkN7NB","action":"Commit Request", "result":"", "context":Item count: 3
Contributing types: Sessions, Device Info, User Consents}
{"logTime": "0619/120111", "correlationVector":"KUpxhM3tmlYVKnSADkN7NB.1","action":"SyncServerConnectionManagerRequest", "result":"SYNC_SERVER_OK", "context":{"environment":"Prod_japaneast_prod-s01-061-apac-japaneast", "migrationStage":"NotStarted", "server":"akswtt11400003r"}}
{"logTime": "0619/120111", "correlationVector":"KUpxhM3tmlYVKnSADkN7NB.2","action":"Commit Response", "result":"Success", "context":Result: Success. cV=KUpxhM3tmlYVKnSADkN7NB.0;server=akswtt11400003r;cloudType=Consumer;environment=Prod_japaneast_prod-s01-061-apac-japaneast;migrationStage=NotStarted}
{"logTime": "0619/120111", "correlationVector":"N0FBi7uyRnl155sa/EPCml","action":"SyncServerConnectionManagerRequest", "result":"SYNC_SERVER_ERROR", "context":{"environment":"", "error_type":"http_status_code", "error_value":"400", "migrationStage":"", "server":""}}
{"logTime": "0619/120111", "correlationVector":"","action":"DIAGNOSTIC_REQUEST|v1/diagnosticData/Diagnostic.SendCheckResult()|SUCCESS", "result":""}
