2026-06-19 12:01:03.591: [INFO][Sync] Reset engine, reason: 8
2026-06-19 12:01:03.591: [INFO][Sync] Stopped: Bookmarks
2026-06-19 12:01:03.591: [INFO][Sync] Stopped: Preferences
2026-06-19 12:01:03.591: [INFO][Sync] Stopped: Passwords
2026-06-19 12:01:03.591: [INFO][Sync] Stopped: Autofill Profiles
2026-06-19 12:01:03.591: [INFO][Sync] Stopped: Autofill
2026-06-19 12:01:03.591: [INFO][Sync] Stopped: Extensions
2026-06-19 12:01:03.591: [INFO][Sync] Stopped: Sessions
2026-06-19 12:01:03.591: [INFO][Sync] Stopped: Extension settings
2026-06-19 12:01:03.591: [INFO][Sync] Stopped: History Delete Directives
2026-06-19 12:01:03.591: [INFO][Sync] Stopped: Device Info
2026-06-19 12:01:03.591: [INFO][Sync] Stopped: User Consents
2026-06-19 12:01:03.591: [INFO][Sync] Stopped: Send Tab To Self
2026-06-19 12:01:03.591: [INFO][Sync] Stopped: Web Apps
2026-06-19 12:01:03.591: [INFO][Sync] Stopped: History
2026-06-19 12:01:03.591: [INFO][Sync] Stopped: Saved Tab Group
2026-06-19 12:01:03.591: [INFO][Sync] Stopped: WebAuthn Credentials
2026-06-19 12:01:03.591: [INFO][Sync] Stopped: Edge E Drop
2026-06-19 12:01:03.591: [INFO][Sync] Stopped: Edge Hub App Usage
2026-06-19 12:01:03.591: [INFO][Sync] Stopped: Edge Wallet
2026-06-19 12:01:03.591: [INFO][Sync] Stopped: Edge Workspace
2026-06-19 12:01:03.591: [INFO][Sync] SyncState after authenticated was: NotSignedIn
2026-06-19 12:01:03.801: [INFO][Sync] Reset engine, reason: 8
2026-06-19 12:01:03.801: [INFO][Sync] Stopped: Bookmarks
2026-06-19 12:01:03.801: [INFO][Sync] Stopped: Preferences
2026-06-19 12:01:03.801: [INFO][Sync] Stopped: Passwords
2026-06-19 12:01:03.801: [INFO][Sync] Stopped: Autofill Profiles
2026-06-19 12:01:03.801: [INFO][Sync] Stopped: Autofill
2026-06-19 12:01:03.801: [INFO][Sync] Stopped: Extensions
2026-06-19 12:01:03.801: [INFO][Sync] Stopped: Sessions
2026-06-19 12:01:03.801: [INFO][Sync] Stopped: Extension settings
2026-06-19 12:01:03.801: [INFO][Sync] Stopped: History Delete Directives
2026-06-19 12:01:03.801: [INFO][Sync] Stopped: Device Info
2026-06-19 12:01:03.801: [INFO][Sync] Stopped: User Consents
2026-06-19 12:01:03.801: [INFO][Sync] Stopped: Send Tab To Self
2026-06-19 12:01:03.801: [INFO][Sync] Stopped: Web Apps
2026-06-19 12:01:03.801: [INFO][Sync] Stopped: History
2026-06-19 12:01:03.801: [INFO][Sync] Stopped: Saved Tab Group
2026-06-19 12:01:03.801: [INFO][Sync] Stopped: WebAuthn Credentials
2026-06-19 12:01:03.801: [INFO][Sync] Stopped: Edge E Drop
2026-06-19 12:01:03.801: [INFO][Sync] Stopped: Edge Hub App Usage
2026-06-19 12:01:03.801: [INFO][Sync] Stopped: Edge Wallet
2026-06-19 12:01:03.801: [INFO][Sync] Stopped: Edge Workspace
2026-06-19 12:01:04.842: [INFO][Sync] Try to start sync engine
2026-06-19 12:01:04.843: [INFO][SyncManagerImpl::NudgeForInitialDownload] Initial download nudge for Encryption Keys
2026-06-19 12:01:04.843: [INFO][SyncEngineBackend::LoadAndConnectNigoriController] Load and connect Nigori controller
2026-06-19 12:01:04.843: [INFO][SyncEngineBackend::DoInitialize] Control Types added: Encryption Keys
2026-06-19 12:01:04.843: [INFO][SyncManagerImpl::ConfigureSyncer] Types to download: Encryption Keys with reason: 3
2026-06-19 12:01:04.843: [INFO][SyncSchedulerImpl::DoConfigurationSyncCycleJob] Configure job was blocked
2026-06-19 12:01:04.862: [INFO][SyncAuthManager::SetLastAuthError] Current auth error: None
2026-06-19 12:01:04.862: [INFO][SyncAuthManager::EdgeLogTokenErrorState] Token error with: None for account type: MSA
2026-06-19 12:01:04.862: [INFO][Sync] Credentials changed for: EdgeSyncScopeNew
2026-06-19 12:01:04.895: [INFO][SyncAuthManager::SetLastAuthError] Current auth error: None
2026-06-19 12:01:04.895: [INFO][SyncAuthManager::EdgeLogTokenErrorState] Token error with: None for account type: MSA
2026-06-19 12:01:04.895: [INFO][Sync] Credentials changed for: EdgeSyncKeyDataScope
2026-06-19 12:01:04.895: [INFO][SyncEngineBackend::DoUpdateKeyDataCredentials] Update key data credentials
2026-06-19 12:01:04.895: [INFO][SyncEngineBackend::DoUpdateCredentials] Update credentials
2026-06-19 12:01:04.895: [INFO][SyncSchedulerImpl::DoConfigurationSyncCycleJob] Blocked types:  and types to download: Encryption Keys
2026-06-19 12:01:05.219: [INFO][Sync] Started DataTypeManager configuration, reason: 4
2026-06-19 12:01:05.219: [INFO][Sync] Configuring for: Bookmarks, Preferences, Passwords, Autofill Profiles, Autofill, Extensions, Sessions, Extension settings, History Delete Directives, Device Info, User Consents, Send Tab To Self, Web Apps, History, Saved Tab Group, WebAuthn Credentials, Edge E Drop, Edge Hub App Usage, Edge Wallet, Edge Workspace, Encryption Keys, reason: 3, current state: 0
2026-06-19 12:01:05.219: [WARN][Sync] Crypto error data types: Passwords, Autofill Profiles, Autofill
2026-06-19 12:01:05.221: [INFO][Sync] Configure, desired: Bookmarks, Preferences, Extensions, Sessions, Extension settings, History Delete Directives, Device Info, User Consents, Send Tab To Self, Web Apps, History, Saved Tab Group, WebAuthn Credentials, Edge E Drop, Edge Hub App Usage, Edge Wallet, Edge Workspace, Encryption Keys; Allow fail: Passwords, Autofill Profiles, Autofill
2026-06-19 12:01:05.221: [INFO][Sync] Loading: Bookmarks
2026-06-19 12:01:05.221: [INFO][Sync] Loading: Preferences
2026-06-19 12:01:05.221: [INFO][Sync] Loading: Extensions
2026-06-19 12:01:05.221: [INFO][Sync] Loading: Sessions
2026-06-19 12:01:05.221: [INFO][Sync] Loading: Extension settings
2026-06-19 12:01:05.221: [INFO][Sync] Loading: History Delete Directives
2026-06-19 12:01:05.221: [INFO][Sync] Loading: Device Info
2026-06-19 12:01:05.221: [INFO][Sync] Loading: User Consents
2026-06-19 12:01:05.221: [INFO][Sync] Loading: Send Tab To Self
2026-06-19 12:01:05.221: [INFO][Sync] Loading: Web Apps
2026-06-19 12:01:05.221: [INFO][Sync] Loading: History
2026-06-19 12:01:05.221: [INFO][Sync] Loading: Saved Tab Group
2026-06-19 12:01:05.221: [INFO][Sync] Loading: WebAuthn Credentials
2026-06-19 12:01:05.221: [INFO][Sync] Loading: Edge E Drop
2026-06-19 12:01:05.221: [INFO][Sync] Loading: Edge Hub App Usage
2026-06-19 12:01:05.221: [INFO][Sync] Loading: Edge Wallet
2026-06-19 12:01:05.221: [INFO][Sync] Loading: Edge Workspace
2026-06-19 12:01:05.225: [INFO][Sync] All data types are ready for configure.
2026-06-19 12:01:05.668: [INFO][Sync] Connection status changed to: 2
2026-06-19 12:01:05.668: [INFO][SyncEngineBackend::DoStartConfiguration] Start configuration
2026-06-19 12:01:05.668: [INFO][SyncManagerImpl::NudgeForInitialDownload] Initial download nudge for Bookmarks
2026-06-19 12:01:05.668: [INFO][SyncManagerImpl::NudgeForInitialDownload] Initial download nudge for Preferences
2026-06-19 12:01:05.668: [INFO][SyncManagerImpl::NudgeForInitialDownload] Initial download nudge for Extensions
2026-06-19 12:01:05.668: [INFO][SyncManagerImpl::NudgeForInitialDownload] Initial download nudge for Sessions
2026-06-19 12:01:05.668: [INFO][SyncManagerImpl::NudgeForInitialDownload] Initial download nudge for Extension settings
2026-06-19 12:01:05.668: [INFO][SyncManagerImpl::NudgeForInitialDownload] Initial download nudge for History Delete Directives
2026-06-19 12:01:05.668: [INFO][SyncManagerImpl::NudgeForInitialDownload] Initial download nudge for Device Info
2026-06-19 12:01:05.668: [INFO][SyncManagerImpl::NudgeForInitialDownload] Initial download nudge for Send Tab To Self
2026-06-19 12:01:05.668: [INFO][SyncManagerImpl::NudgeForInitialDownload] Initial download nudge for Web Apps
2026-06-19 12:01:05.668: [INFO][SyncManagerImpl::NudgeForInitialDownload] Initial download nudge for History
2026-06-19 12:01:05.668: [INFO][SyncManagerImpl::NudgeForInitialDownload] Initial download nudge for Saved Tab Group
2026-06-19 12:01:05.668: [INFO][SyncManagerImpl::NudgeForInitialDownload] Initial download nudge for WebAuthn Credentials
2026-06-19 12:01:05.668: [INFO][SyncManagerImpl::NudgeForInitialDownload] Initial download nudge for Edge E Drop
2026-06-19 12:01:05.668: [INFO][SyncManagerImpl::NudgeForInitialDownload] Initial download nudge for Edge Hub App Usage
2026-06-19 12:01:05.668: [INFO][SyncManagerImpl::NudgeForInitialDownload] Initial download nudge for Edge Wallet
2026-06-19 12:01:05.668: [INFO][SyncManagerImpl::NudgeForInitialDownload] Initial download nudge for Edge Workspace
2026-06-19 12:01:05.668: [INFO][SyncManagerImpl::ConfigureSyncer] Types to download:  with reason: 3
2026-06-19 12:01:05.668: [INFO][SyncEngineBackend::DoFinishConfigureDataTypes] Failed to download types:  and succeeded types: 
2026-06-19 12:01:05.670: [INFO][Sync] ConfigurationDone, failed: , succeeded: , remaining count: 4
2026-06-19 12:01:05.670: [INFO][Sync] Prepare to configure types: Preferences, Device Info, Send Tab To Self, Edge E Drop, Encryption Keys
2026-06-19 12:01:05.670: [INFO][SyncManagerImpl::ConfigureSyncer] Types to download: Preferences, Device Info, Send Tab To Self, Edge E Drop, Encryption Keys with reason: 3
2026-06-19 12:01:05.670: [INFO][SyncSchedulerImpl::DoConfigurationSyncCycleJob] Blocked types:  and types to download: Preferences, Device Info, Send Tab To Self, Edge E Drop, Encryption Keys
2026-06-19 12:01:05.696: [INFO][SyncAuthManager::SetLastAuthError] Current auth error: None
2026-06-19 12:01:05.696: [INFO][SyncAuthManager::EdgeLogTokenErrorState] Token error with: None for account type: MSA
2026-06-19 12:01:05.696: [INFO][Sync] Credentials changed for: EdgeSyncKeyDataScope
2026-06-19 12:01:06.051: [INFO][SyncEngineBackend::DoFinishConfigureDataTypes] Failed to download types:  and succeeded types: Preferences, Device Info, Send Tab To Self, Edge E Drop, Encryption Keys
2026-06-19 12:01:06.059: [INFO][Sync] ConfigurationDone, failed: , succeeded: Preferences, Device Info, Send Tab To Self, Edge E Drop, Encryption Keys, remaining count: 3
2026-06-19 12:01:06.059: [INFO][Sync] Prepare to configure types: Bookmarks, Encryption Keys
2026-06-19 12:01:06.658: [INFO][SyncAuthManager::SetLastAuthError] Current auth error: None
2026-06-19 12:01:06.658: [INFO][SyncAuthManager::EdgeLogTokenErrorState] Token error with: None for account type: MSA
2026-06-19 12:01:06.658: [INFO][Sync] Credentials changed for: EdgeSyncScopeNew
2026-06-19 12:01:06.869: [INFO][SyncEngineBackend::DoUpdateKeyDataCredentials] Update key data credentials
2026-06-19 12:01:06.869: [INFO][Sync] Connection status changed to: 2
2026-06-19 12:01:06.869: [INFO][SyncManagerImpl::ConfigureSyncer] Types to download: Bookmarks, Encryption Keys with reason: 3
2026-06-19 12:01:06.869: [INFO][SyncEngineBackend::DoUpdateCredentials] Update credentials
2026-06-19 12:01:06.869: [INFO][SyncEngineBackend::DoUpdateKeyDataCredentials] Update key data credentials
2026-06-19 12:01:06.869: [INFO][SyncSchedulerImpl::DoConfigurationSyncCycleJob] Blocked types:  and types to download: Bookmarks, Encryption Keys
2026-06-19 12:01:07.223: [INFO][SyncEngineBackend::DoFinishConfigureDataTypes] Failed to download types:  and succeeded types: Bookmarks, Encryption Keys
2026-06-19 12:01:07.242: [INFO][Sync] ConfigurationDone, failed: , succeeded: Bookmarks, Encryption Keys, remaining count: 2
2026-06-19 12:01:07.242: [INFO][Sync] Prepare to configure types: Extensions, Sessions, Extension settings, History Delete Directives, Web Apps, Saved Tab Group, WebAuthn Credentials, Edge Hub App Usage, Edge Wallet, Edge Workspace, Encryption Keys
2026-06-19 12:01:07.780: [INFO][Sync] Connection status changed to: 2
2026-06-19 12:01:07.780: [INFO][SyncManagerImpl::ConfigureSyncer] Types to download: Extensions, Sessions, Extension settings, History Delete Directives, Web Apps, Saved Tab Group, WebAuthn Credentials, Edge Hub App Usage, Edge Wallet, Edge Workspace, Encryption Keys with reason: 3
2026-06-19 12:01:07.780: [INFO][SyncSchedulerImpl::DoConfigurationSyncCycleJob] Blocked types:  and types to download: Extensions, Sessions, Extension settings, History Delete Directives, Web Apps, Saved Tab Group, WebAuthn Credentials, Edge Hub App Usage, Edge Wallet, Edge Workspace, Encryption Keys
2026-06-19 12:01:08.059: [INFO][SyncEngineBackend::DoFinishConfigureDataTypes] Failed to download types:  and succeeded types: Extensions, Sessions, Extension settings, History Delete Directives, Web Apps, Saved Tab Group, WebAuthn Credentials, Edge Hub App Usage, Edge Wallet, Edge Workspace, Encryption Keys
2026-06-19 12:01:08.061: [INFO][Sync] ConfigurationDone, failed: , succeeded: Extensions, Sessions, Extension settings, History Delete Directives, Web Apps, Saved Tab Group, WebAuthn Credentials, Edge Hub App Usage, Edge Wallet, Edge Workspace, Encryption Keys, remaining count: 1
2026-06-19 12:01:08.063: [INFO][Sync] Prepare to configure types: History, Encryption Keys
2026-06-19 12:01:08.365: [INFO][Sync] Connection status changed to: 2
2026-06-19 12:01:08.365: [INFO][SyncManagerImpl::ConfigureSyncer] Types to download: History, Encryption Keys with reason: 3
2026-06-19 12:01:08.365: [INFO][SyncSchedulerImpl::DoConfigurationSyncCycleJob] Blocked types:  and types to download: History, Encryption Keys
2026-06-19 12:01:08.767: [INFO][SyncAuthManager::SetLastAuthError] Current auth error: None
2026-06-19 12:01:08.767: [INFO][SyncAuthManager::EdgeLogTokenErrorState] Token error with: None for account type: MSA
2026-06-19 12:01:08.767: [INFO][Sync] Credentials changed for: EdgeSyncKeyDataScope
2026-06-19 12:01:08.782: [INFO][SyncEngineBackend::DoFinishConfigureDataTypes] Failed to download types:  and succeeded types: History, Encryption Keys
2026-06-19 12:01:08.784: [INFO][Sync] ConfigurationDone, failed: , succeeded: History, Encryption Keys, remaining count: 0
2026-06-19 12:01:08.786: [INFO][Sync]     Configuration completed, state: 3
2026-06-19 12:01:08.786: [INFO][Sync] Configured DataTypeManager: Ok
2026-06-19 12:01:08.788: [INFO][SyncAuthManager::SetLastAuthError] Current auth error: None
2026-06-19 12:01:08.788: [INFO][SyncAuthManager::EdgeLogTokenErrorState] Token error with: None for account type: MSA
2026-06-19 12:01:08.788: [INFO][Sync] Credentials changed for: EdgeSyncScopeNew
2026-06-19 12:01:09.117: [INFO][SyncEngineBackend::DoUpdateKeyDataCredentials] Update key data credentials
2026-06-19 12:01:09.117: [INFO][Sync] Connection status changed to: 2
2026-06-19 12:01:09.117: [INFO][SyncEngineBackend::DoStartSyncing] Start syncing
2026-06-19 12:01:09.117: [INFO][SyncEngineBackend::DoUpdateCredentials] Update credentials
2026-06-19 12:01:09.117: [INFO][SyncEngineBackend::DoUpdateKeyDataCredentials] Update key data credentials
2026-06-19 12:01:11.378: [INFO][Sync] Connection status changed to: 2
